[03-Nov-2024 03:16:04 America/Argentina/Buenos_Aires] Error en C:\xampp\htdocs\MEDICINA_LABORAL\app\sistema_de_turnos\cargarTurno.php en la línea 17: You have an error in your SQL syntax; check the manual that corresponds to your MariaDB server version for the right syntax to use near 'N T.medico = M.id 
                WHERE T.fecha='2024-11-3'' at line 4

[$    2024-11-03 08:28:47 = date('Y-m-d H:i:s');] <br />
<b>Parse error</b>:  syntax error, unexpected single-quoted string &quot; no es válido.&quot;, expecting &quot;]&quot; in <b>C:\xampp\htdocs\MEDICINA_LABORAL\app\autenticacion.php</b> on line <b>18</b><br />

[$    2024-11-03 08:43:27 = date('Y-m-d H:i:s');] <br />
<b>Parse error</b>:  syntax error, unexpected single-quoted string &quot; no es válido.&quot;, expecting &quot;]&quot; in <b>C:\xampp\htdocs\MEDICINA_LABORAL\app\autenticacion.php</b> on line <b>18</b><br />

[$    2024-11-03 08:49:00 = date('Y-m-d H:i:s');] <br />
<b>Warning</b>:  include(../error_config.php): Failed to open stream: No such file or directory in <b>C:\xampp\htdocs\MEDICINA_LABORAL\app\autenticacion.php</b> on line <b>7</b><br />
<br />
<b>Warning</b>:  include(): Failed opening '../error_config.php' for inclusion (include_path='C:\xampp\php\PEAR') in <b>C:\xampp\htdocs\MEDICINA_LABORAL\app\autenticacion.php</b> on line <b>7</b><br />

{"mensaje":"Bienvenido prueba","operacion":true}
[$    2024-11-03 08:51:16 = date('Y-m-d H:i:s');] SyntaxError: Unexpected token '<', "<br />
<b>"... is not valid JSON
[$    2024-11-03 08:51:53 = date('Y-m-d H:i:s');] SyntaxError: Unexpected token '<', "<br />
<b>"... is not valid JSON
[$    2024-11-03 08:53:09 ;] SyntaxError: Unexpected token '<', "<br />
<b>"... is not valid JSON
[$    2024-11-03 08:53:47 ;] SyntaxError: Unexpected token '<', "<br />
<b>"... is not valid JSON
[$    2024-11-03 08:53:59 ;] SyntaxError: Unexpected token '<', "<br />
<b>"... is not valid JSON
[$    2024-11-03 08:55:23 ;] Unexpected token '<', "<br />
<b>"... is not valid JSON
[$    2024-11-03 08:56:15 ;] Unexpected token '<', "<br />
<b>"... is not valid JSON
[$    2024-11-03 08:56:28 ;] Unexpected token '<', "<br />
<b>"... is not valid JSON | <br />
<b>Warning</b>:  include(../error_config.php): Failed to open stream: No such file or directory in <b>C:\xampp\htdocs\MEDICINA_LABORAL\app\autenticacion.php</b> on line <b>7</b><br />
<br />
<b>Warning</b>:  include(): Failed opening '../error_config.php' for inclusion (include_path='C:\xampp\php\PEAR') in <b>C:\xampp\htdocs\MEDICINA_LABORAL\app\autenticacion.php</b> on line <b>7</b><br />

{"mensaje":"Bienvenido prueba","operacion":true}
[04-Nov-2024 20:37:01 America/Argentina/Buenos_Aires] Error en C:\xampp\htdocs\MEDICINA_LABORAL\app\autenticacion.php en la línea 22: Table 'el_salvador.usuarios' doesn't exist
[04-Nov-2024 20:37:03 America/Argentina/Buenos_Aires] Error en C:\xampp\htdocs\MEDICINA_LABORAL\app\autenticacion.php en la línea 22: Table 'el_salvador.usuarios' doesn't exist
